2. Kiran Camera App Live/app/build/intermediates/manifest_merge_blame_file/debug/processDebugMainManifest/manifest-merger-blame-debug-report.txt
1<?xml version="1.0" encoding="utf-8"?>
2<manifest xmlns:android="http://schemas.android.com/apk/res/android"
3    package="com.example.broadcastcamera"
4    android:versionCode="1"
5    android:versionName="1.0" >
6
7    <uses-sdk
8        android:minSdkVersion="24"
9        android:targetSdkVersion="34" />
10
11    <uses-feature android:name="android.hardware.camera" />
11-->src\main\AndroidManifest.xml:4:5-60
11-->src\main\AndroidManifest.xml:4:19-57
12
13    <uses-permission android:name="android.permission.CAMERA" />
13-->src\main\AndroidManifest.xml:5:5-65
13-->src\main\AndroidManifest.xml:5:22-62
14    <uses-permission android:name="android.permission.USB_PERMISSION" />
14-->src\main\AndroidManifest.xml:6:5-73
14-->src\main\AndroidManifest.xml:6:22-70
15    <uses-permission android:name="android.permission.INTERNET" />
15-->src\main\AndroidManifest.xml:7:5-67
15-->src\main\AndroidManifest.xml:7:22-64
16    <uses-permission android:name="android.permission.ACCESS_NETWORK_STATE" />
16-->src\main\AndroidManifest.xml:8:5-79
16-->src\main\AndroidManifest.xml:8:22-76
17    <uses-permission android:name="android.permission.ACCESS_WIFI_STATE" />
17-->src\main\AndroidManifest.xml:9:5-76
17-->src\main\AndroidManifest.xml:9:22-73
18    <uses-permission android:name="android.permission.CHANGE_WIFI_MULTICAST_STATE" />
18-->src\main\AndroidManifest.xml:10:5-86
18-->src\main\AndroidManifest.xml:10:22-83
19    <uses-permission android:name="android.permission.ACCESS_FINE_LOCATION" />
19-->src\main\AndroidManifest.xml:11:5-79
19-->src\main\AndroidManifest.xml:11:22-76
20    <uses-permission android:name="android.permission.ACCESS_COARSE_LOCATION" />
20-->src\main\AndroidManifest.xml:12:5-81
20-->src\main\AndroidManifest.xml:12:22-78
21    <uses-permission android:name="android.permission.FOREGROUND_SERVICE" />
21-->src\main\AndroidManifest.xml:13:5-77
21-->src\main\AndroidManifest.xml:13:22-74
22    <uses-permission android:name="android.permission.FOREGROUND_SERVICE_MEDIA_PROJECTION" />
22-->src\main\AndroidManifest.xml:14:5-94
22-->src\main\AndroidManifest.xml:14:22-91
23    <uses-permission android:name="android.permission.POST_NOTIFICATIONS" />
23-->src\main\AndroidManifest.xml:15:5-77
23-->src\main\AndroidManifest.xml:15:22-74
24
25    <permission
25-->[androidx.core:core:1.12.0] AndroidManifest.xml:22:5-24:47
26        android:name="com.example.broadcastcamera.DYNAMIC_RECEIVER_NOT_EXPORTED_PERMISSION"
26-->[androidx.core:core:1.12.0] AndroidManifest.xml:23:9-81
27        android:protectionLevel="signature" />
27-->[androidx.core:core:1.12.0] AndroidManifest.xml:24:9-44
28
29    <uses-permission android:name="com.example.broadcastcamera.DYNAMIC_RECEIVER_NOT_EXPORTED_PERMISSION" />
29-->[androidx.core:core:1.12.0] AndroidManifest.xml:26:5-97
29-->[androidx.core:core:1.12.0] AndroidManifest.xml:26:22-94
30
31    <application
31-->src\main\AndroidManifest.xml:17:5-77:19
32        android:allowBackup="true"
32-->src\main\AndroidManifest.xml:18:9-35
33        android:appComponentFactory="androidx.core.app.CoreComponentFactory"
33-->[androidx.core:core:1.12.0] AndroidManifest.xml:28:18-86
34        android:debuggable="true"
35        android:extractNativeLibs="false"
36        android:icon="@mipmap/ic_launcher"
36-->src\main\AndroidManifest.xml:19:9-43
37        android:label="@string/app_name"
37-->src\main\AndroidManifest.xml:20:9-41
38        android:roundIcon="@mipmap/ic_launcher_round"
38-->src\main\AndroidManifest.xml:21:9-54
39        android:supportsRtl="true"
39-->src\main\AndroidManifest.xml:22:9-35
40        android:testOnly="true"
41        android:theme="@style/Theme.BroadcastCamera" >
41-->src\main\AndroidManifest.xml:23:9-53
42        <activity
42-->src\main\AndroidManifest.xml:25:9-32:20
43            android:name="com.example.broadcastcamera.ui.MainActivity"
43-->src\main\AndroidManifest.xml:26:13-44
44            android:exported="true" >
44-->src\main\AndroidManifest.xml:27:13-36
45            <intent-filter>
45-->src\main\AndroidManifest.xml:28:13-31:29
46                <action android:name="android.intent.action.MAIN" />
46-->src\main\AndroidManifest.xml:29:17-69
46-->src\main\AndroidManifest.xml:29:25-66
47
48                <category android:name="android.intent.category.LAUNCHER" />
48-->src\main\AndroidManifest.xml:30:17-77
48-->src\main\AndroidManifest.xml:30:27-74
49            </intent-filter>
50        </activity>
51
52        <!-- Receiver Activity responds to USB accessory attachment -->
53        <activity
53-->src\main\AndroidManifest.xml:35:9-38:40
54            android:name="com.example.broadcastcamera.ui.ReceiverActivity"
54-->src\main\AndroidManifest.xml:36:13-48
55            android:exported="false"
55-->src\main\AndroidManifest.xml:38:13-37
56            android:label="Receiver" />
56-->src\main\AndroidManifest.xml:37:13-37
57
58        <!-- Broadcaster Activity -->
59        <activity
59-->src\main\AndroidManifest.xml:41:9-52:20
60            android:name="com.example.broadcastcamera.ui.BroadcasterActivity"
60-->src\main\AndroidManifest.xml:42:13-51
61            android:exported="true"
61-->src\main\AndroidManifest.xml:45:13-36
62            android:label="Broadcaster"
62-->src\main\AndroidManifest.xml:43:13-40
63            android:screenOrientation="portrait" >
63-->src\main\AndroidManifest.xml:44:13-49
64            <intent-filter>
64-->src\main\AndroidManifest.xml:46:13-48:29
65                <action android:name="android.hardware.usb.action.USB_ACCESSORY_ATTACHED" />
65-->src\main\AndroidManifest.xml:47:17-93
65-->src\main\AndroidManifest.xml:47:25-90
66            </intent-filter>
67
68            <meta-data
68-->src\main\AndroidManifest.xml:49:13-51:60
69                android:name="android.hardware.usb.action.USB_ACCESSORY_ATTACHED"
69-->src\main\AndroidManifest.xml:50:17-82
70                android:resource="@xml/accessory_filter" />
70-->src\main\AndroidManifest.xml:51:17-57
71        </activity>
72
73        <service
73-->src\main\AndroidManifest.xml:54:9-64:19
74            android:name="com.example.broadcastcamera.control.RemoteInputService"
74-->src\main\AndroidManifest.xml:55:13-55
75            android:exported="false"
75-->src\main\AndroidManifest.xml:57:13-37
76            android:permission="android.permission.BIND_ACCESSIBILITY_SERVICE" >
76-->src\main\AndroidManifest.xml:56:13-79
77            <intent-filter>
77-->src\main\AndroidManifest.xml:58:13-60:29
78                <action android:name="android.accessibilityservice.AccessibilityService" />
78-->src\main\AndroidManifest.xml:59:17-92
78-->src\main\AndroidManifest.xml:59:25-89
79            </intent-filter>
80
81            <meta-data
81-->src\main\AndroidManifest.xml:61:13-63:72
82                android:name="android.accessibilityservice"
82-->src\main\AndroidManifest.xml:62:17-60
83                android:resource="@xml/accessibility_service_config" />
83-->src\main\AndroidManifest.xml:63:17-69
84        </service>
85
86        <activity
86-->src\main\AndroidManifest.xml:66:9-70:40
87            android:name="com.example.broadcastcamera.ui.ScreenStreamingActivity"
87-->src\main\AndroidManifest.xml:67:13-55
88            android:exported="false"
88-->src\main\AndroidManifest.xml:70:13-37
89            android:label="Remote Control Host"
89-->src\main\AndroidManifest.xml:68:13-48
90            android:screenOrientation="portrait" />
90-->src\main\AndroidManifest.xml:69:13-49
91
92        <service
92-->src\main\AndroidManifest.xml:72:9-75:40
93            android:name="com.example.broadcastcamera.service.ScreenCaptureService"
93-->src\main\AndroidManifest.xml:73:13-57
94            android:exported="false"
94-->src\main\AndroidManifest.xml:75:13-37
95            android:foregroundServiceType="mediaProjection" />
95-->src\main\AndroidManifest.xml:74:13-60
96        <service
96-->[androidx.camera:camera-camera2:1.3.0] AndroidManifest.xml:24:9-33:19
97            android:name="androidx.camera.core.impl.MetadataHolderService"
97-->[androidx.camera:camera-camera2:1.3.0] AndroidManifest.xml:25:13-75
98            android:enabled="false"
98-->[androidx.camera:camera-camera2:1.3.0] AndroidManifest.xml:26:13-36
99            android:exported="false" >
99-->[androidx.camera:camera-camera2:1.3.0] AndroidManifest.xml:27:13-37
100            <meta-data
100-->[androidx.camera:camera-camera2:1.3.0] AndroidManifest.xml:30:13-32:89
101                android:name="androidx.camera.core.impl.MetadataHolderService.DEFAULT_CONFIG_PROVIDER"
101-->[androidx.camera:camera-camera2:1.3.0] AndroidManifest.xml:31:17-103
102                android:value="androidx.camera.camera2.Camera2Config$DefaultProvider" />
102-->[androidx.camera:camera-camera2:1.3.0] AndroidManifest.xml:32:17-86
103        </service>
104
105        <provider
105-->[androidx.emoji2:emoji2:1.2.0] AndroidManifest.xml:24:9-32:20
106            android:name="androidx.startup.InitializationProvider"
106-->[androidx.emoji2:emoji2:1.2.0] AndroidManifest.xml:25:13-67
107            android:authorities="com.example.broadcastcamera.androidx-startup"
107-->[androidx.emoji2:emoji2:1.2.0] AndroidManifest.xml:26:13-68
108            android:exported="false" >
108-->[androidx.emoji2:emoji2:1.2.0] AndroidManifest.xml:27:13-37
109            <meta-data
109-->[androidx.emoji2:emoji2:1.2.0] AndroidManifest.xml:29:13-31:52
110                android:name="androidx.emoji2.text.EmojiCompatInitializer"
110-->[androidx.emoji2:emoji2:1.2.0] AndroidManifest.xml:30:17-75
111                android:value="androidx.startup" />
111-->[androidx.emoji2:emoji2:1.2.0] AndroidManifest.xml:31:17-49
112            <meta-data
112-->[androidx.lifecycle:lifecycle-process:2.6.1] AndroidManifest.xml:29:13-31:52
113                android:name="androidx.lifecycle.ProcessLifecycleInitializer"
113-->[androidx.lifecycle:lifecycle-process:2.6.1] AndroidManifest.xml:30:17-78
114                android:value="androidx.startup" />
114-->[androidx.lifecycle:lifecycle-process:2.6.1] AndroidManifest.xml:31:17-49
115            <meta-data
115-->[androidx.profileinstaller:profileinstaller:1.3.0] AndroidManifest.xml:29:13-31:52
116                android:name="androidx.profileinstaller.ProfileInstallerInitializer"
116-->[androidx.profileinstaller:profileinstaller:1.3.0] AndroidManifest.xml:30:17-85
117                android:value="androidx.startup" />
117-->[androidx.profileinstaller:profileinstaller:1.3.0] AndroidManifest.xml:31:17-49
118        </provider>
119
120        <receiver
120-->[androidx.profileinstaller:profileinstaller:1.3.0] AndroidManifest.xml:34:9-52:20
121            android:name="androidx.profileinstaller.ProfileInstallReceiver"
121-->[androidx.profileinstaller:profileinstaller:1.3.0] AndroidManifest.xml:35:13-76
122            android:directBootAware="false"
122-->[androidx.profileinstaller:profileinstaller:1.3.0] AndroidManifest.xml:36:13-44
123            android:enabled="true"
123-->[androidx.profileinstaller:profileinstaller:1.3.0] AndroidManifest.xml:37:13-35
124            android:exported="true"
124-->[androidx.profileinstaller:profileinstaller:1.3.0] AndroidManifest.xml:38:13-36
125            android:permission="android.permission.DUMP" >
125-->[androidx.profileinstaller:profileinstaller:1.3.0] AndroidManifest.xml:39:13-57
126            <intent-filter>
126-->[androidx.profileinstaller:profileinstaller:1.3.0] AndroidManifest.xml:40:13-42:29
127                <action android:name="androidx.profileinstaller.action.INSTALL_PROFILE" />
127-->[androidx.profileinstaller:profileinstaller:1.3.0] AndroidManifest.xml:41:17-91
127-->[androidx.profileinstaller:profileinstaller:1.3.0] AndroidManifest.xml:41:25-88
128            </intent-filter>
129            <intent-filter>
129-->[androidx.profileinstaller:profileinstaller:1.3.0] AndroidManifest.xml:43:13-45:29
130                <action android:name="androidx.profileinstaller.action.SKIP_FILE" />
130-->[androidx.profileinstaller:profileinstaller:1.3.0] AndroidManifest.xml:44:17-85
130-->[androidx.profileinstaller:profileinstaller:1.3.0] AndroidManifest.xml:44:25-82
131            </intent-filter>
132            <intent-filter>
132-->[androidx.profileinstaller:profileinstaller:1.3.0] AndroidManifest.xml:46:13-48:29
133                <action android:name="androidx.profileinstaller.action.SAVE_PROFILE" />
133-->[androidx.profileinstaller:profileinstaller:1.3.0] AndroidManifest.xml:47:17-88
133-->[androidx.profileinstaller:profileinstaller:1.3.0] AndroidManifest.xml:47:25-85
134            </intent-filter>
135            <intent-filter>
135-->[androidx.profileinstaller:profileinstaller:1.3.0] AndroidManifest.xml:49:13-51:29
136                <action android:name="androidx.profileinstaller.action.BENCHMARK_OPERATION" />
136-->[androidx.profileinstaller:profileinstaller:1.3.0] AndroidManifest.xml:50:17-95
136-->[androidx.profileinstaller:profileinstaller:1.3.0] AndroidManifest.xml:50:25-92
137            </intent-filter>
138        </receiver>
139    </application>
140
141</manifest>